-------------------------------------------------------------------------------
Test set: com.lab3.MainTest
-------------------------------------------------------------------------------
Tests run: 2, Failures: 0, Errors: 2, Skipped: 0, Time elapsed: 0.032 s <<< FAILURE! - in com.lab3.MainTest
com.lab3.MainTest.testFormatoIncorrectoEjercicio1  Time elapsed: 0.022 s  <<< ERROR!
java.util.InputMismatchException
	at java.base/java.util.Scanner.throwFor(Scanner.java:939)
	at java.base/java.util.Scanner.next(Scanner.java:1594)
	at java.base/java.util.Scanner.nextInt(Scanner.java:2258)
	at java.base/java.util.Scanner.nextInt(Scanner.java:2212)
	at com.lab3.Main.main(Main.java:70)
	at com.lab3.MainTest.testFormatoIncorrectoEjercicio1(MainTest.java:32)
	at java.base/java.lang.reflect.Method.invoke(Method.java:569)
	at java.base/java.util.ArrayList.forEach(ArrayList.java:1511)
	at java.base/java.util.ArrayList.forEach(ArrayList.java:1511)

com.lab3.MainTest.testFormatoIncorrectoEjercicio2  Time elapsed: 0.004 s  <<< ERROR!
java.util.InputMismatchException
	at java.base/java.util.Scanner.throwFor(Scanner.java:939)
	at java.base/java.util.Scanner.next(Scanner.java:1594)
	at java.base/java.util.Scanner.nextInt(Scanner.java:2258)
	at java.base/java.util.Scanner.nextInt(Scanner.java:2212)
	at com.lab3.Main.main(Main.java:98)
	at com.lab3.MainTest.testFormatoIncorrectoEjercicio2(MainTest.java:59)
	at java.base/java.lang.reflect.Method.invoke(Method.java:569)
	at java.base/java.util.ArrayList.forEach(ArrayList.java:1511)
	at java.base/java.util.ArrayList.forEach(ArrayList.java:1511)

